  [1m[36m (1.7ms)[0m  [1mCREATE TABLE "schema_migrations" ("version" varchar NOT NULL) [0m
  [1m[35m (0.1ms)[0m  select sqlite_version(*)
  [1m[36m (1.6ms)[0m  [1mCREATE UNIQUE INDEX "unique_schema_migrations" ON "schema_migrations" ("version")[0m
  [1m[35mActiveRecord::SchemaMigration Load (0.1ms)[0m  SELECT "schema_migrations".* FROM "schema_migrations"


Started GET "/" for ::1 at 2015-11-17 17:47:54 -0600
Processing by Rails::WelcomeController#index as HTML
  Rendered /Users/admin/.rvm/gems/ruby-2.1.2/gems/railties-4.2.3/lib/rails/templates/rails/welcome/index.html.erb (2.8ms)
Completed 200 OK in 27ms (Views: 19.4ms | ActiveRecord: 0.0ms)
  [1m[36mActiveRecord::SchemaMigration Load (0.1ms)[0m  [1mSELECT "schema_migrations".* FROM "schema_migrations"[0m
Migrating to CreateStudents (1)
  [1m[35m (0.1ms)[0m  begin transaction
  [1m[36m (0.4ms)[0m  [1mCREATE TABLE "students" ("id" INTEGER PRIMARY KEY AUTOINCREMENT NOT NULL, "first_name" varchar, "last_name" varchar, "created_at" datetime NOT NULL, "updated_at" datetime NOT NULL) [0m
  [1m[35mSQL (0.3ms)[0m  INSERT INTO "schema_migrations" ("version") VALUES (?)  [["version", "1"]]
  [1m[36m (1.4ms)[0m  [1mcommit transaction[0m
  [1m[35mActiveRecord::SchemaMigration Load (0.1ms)[0m  SELECT "schema_migrations".* FROM "schema_migrations"
  [1m[36m (0.1ms)[0m  [1mbegin transaction[0m
  [1m[35mSQL (0.3ms)[0m  INSERT INTO "students" ("first_name", "last_name", "created_at", "updated_at") VALUES (?, ?, ?, ?)  [["first_name", "Jordan"], ["last_name", "Hudgens"], ["created_at", "2015-11-18 00:10:55.545365"], ["updated_at", "2015-11-18 00:10:55.545365"]]
  [1m[36m (2.9ms)[0m  [1mcommit transaction[0m
  [1m[35mStudent Load (0.2ms)[0m  SELECT  "students".* FROM "students"  ORDER BY "students"."id" DESC LIMIT 1
  [1m[36m (0.1ms)[0m  [1mbegin transaction[0m
  [1m[35mSQL (0.3ms)[0m  INSERT INTO "students" ("created_at", "updated_at") VALUES (?, ?)  [["created_at", "2015-11-18 00:17:49.095449"], ["updated_at", "2015-11-18 00:17:49.095449"]]
  [1m[36m (1.2ms)[0m  [1mcommit transaction[0m
  [1m[35mStudent Load (0.2ms)[0m  SELECT  "students".* FROM "students"  ORDER BY "students"."id" DESC LIMIT 1
  [1m[36mActiveRecord::SchemaMigration Load (0.1ms)[0m  [1mSELECT "schema_migrations".* FROM "schema_migrations"[0m
  [1m[35mActiveRecord::SchemaMigration Load (0.1ms)[0m  SELECT "schema_migrations".* FROM "schema_migrations"


Started GET "/" for ::1 at 2015-11-18 13:36:42 -0600
  [1m[36mActiveRecord::SchemaMigration Load (0.1ms)[0m  [1mSELECT "schema_migrations".* FROM "schema_migrations"[0m
Processing by Rails::WelcomeController#index as HTML
  Rendered /Users/admin/.rvm/gems/ruby-2.1.2/gems/railties-4.2.3/lib/rails/templates/rails/welcome/index.html.erb (2.4ms)
Completed 200 OK in 39ms (Views: 24.5ms | ActiveRecord: 0.0ms)


Started GET "/" for ::1 at 2015-11-18 13:37:10 -0600
Processing by Rails::WelcomeController#index as HTML
  Rendered /Users/admin/.rvm/gems/ruby-2.1.2/gems/railties-4.2.3/lib/rails/templates/rails/welcome/index.html.erb (0.0ms)
Completed 200 OK in 1ms (Views: 0.7ms | ActiveRecord: 0.0ms)
  [1m[36mActiveRecord::SchemaMigration Load (0.1ms)[0m  [1mSELECT "schema_migrations".* FROM "schema_migrations"[0m
  [1m[35mActiveRecord::SchemaMigration Load (0.1ms)[0m  SELECT "schema_migrations".* FROM "schema_migrations"
  [1m[36m (1.6ms)[0m  [1mCREATE TABLE "schema_migrations" ("version" varchar NOT NULL) [0m
  [1m[35m (0.3ms)[0m  select sqlite_version(*)
  [1m[36m (1.0ms)[0m  [1mCREATE UNIQUE INDEX "unique_schema_migrations" ON "schema_migrations" ("version")[0m
  [1m[35mActiveRecord::SchemaMigration Load (0.1ms)[0m  SELECT "schema_migrations".* FROM "schema_migrations"
Migrating to CreateStudents (1)
  [1m[36m (0.1ms)[0m  [1mbegin transaction[0m
  [1m[35m (0.5ms)[0m  CREATE TABLE "students" ("id" INTEGER PRIMARY KEY AUTOINCREMENT NOT NULL, "first_name" varchar, "last_name" varchar, "created_at" datetime NOT NULL, "updated_at" datetime NOT NULL) 
  [1m[36mSQL (0.2ms)[0m  [1mINSERT INTO "schema_migrations" ("version") VALUES (?)[0m  [["version", "1"]]
  [1m[35m (1.0ms)[0m  commit transaction
  [1m[36mActiveRecord::SchemaMigration Load (0.2ms)[0m  [1mSELECT "schema_migrations".* FROM "schema_migrations"[0m
  [1m[36mActiveRecord::SchemaMigration Load (0.2ms)[0m  [1mSELECT "schema_migrations".* FROM "schema_migrations"[0m


Started GET "/" for ::1 at 2018-04-27 15:21:16 -0400
  [1m[36mActiveRecord::SchemaMigration Load (0.4ms)[0m  [1mSELECT "schema_migrations".* FROM "schema_migrations"[0m
Processing by Rails::WelcomeController#index as HTML
  Rendered /Users/MikeMyung/.rvm/gems/ruby-2.5.0/gems/railties-4.2.10/lib/rails/templates/rails/welcome/index.html.erb (2.7ms)
Completed 200 OK in 48ms (Views: 22.7ms | ActiveRecord: 0.0ms)


Started GET "/students" for ::1 at 2018-04-27 15:21:21 -0400
Processing by StudentsController#index as HTML
  [1m[35mStudent Load (0.5ms)[0m  SELECT "students".* FROM "students"
  Rendered students/index.html.erb within layouts/application (2.7ms)
Completed 200 OK in 624ms (Views: 620.4ms | ActiveRecord: 0.7ms)


Started GET "/assets/application.self-3b8dabdc891efe46b9a144b400ad69e37d7e5876bdc39dee783419a69d7ca819.js?body=1" for ::1 at 2018-04-27 15:21:22 -0400


Started GET "/students/2" for ::1 at 2018-04-27 15:21:28 -0400
Processing by StudentsController#show as HTML
  Parameters: {"id"=>"2"}
  [1m[36mStudent Load (0.5ms)[0m  [1mSELECT  "students".* FROM "students" WHERE "students"."id" = ? LIMIT 1[0m  [["id", 2]]
Completed 404 Not Found in 10ms (ActiveRecord: 0.8ms)

ActiveRecord::RecordNotFound (Couldn't find Student with 'id'=2):
  app/controllers/students_controller.rb:7:in `show'


  Rendered /Users/MikeMyung/.rvm/gems/ruby-2.5.0/gems/actionpack-4.2.10/lib/action_dispatch/middleware/templates/rescues/_source.erb (3.0ms)
  Rendered /Users/MikeMyung/.rvm/gems/ruby-2.5.0/gems/actionpack-4.2.10/lib/action_dispatch/middleware/templates/rescues/_trace.html.erb (1.8ms)
  Rendered /Users/MikeMyung/.rvm/gems/ruby-2.5.0/gems/actionpack-4.2.10/lib/action_dispatch/middleware/templates/rescues/_request_and_response.html.erb (0.7ms)
  Rendered /Users/MikeMyung/.rvm/gems/ruby-2.5.0/gems/actionpack-4.2.10/lib/action_dispatch/middleware/templates/rescues/diagnostics.html.erb within rescues/layout (127.0ms)


Started GET "/students/1" for ::1 at 2018-04-27 15:21:32 -0400
Processing by StudentsController#show as HTML
  Parameters: {"id"=>"1"}
  [1m[35mStudent Load (0.3ms)[0m  SELECT  "students".* FROM "students" WHERE "students"."id" = ? LIMIT 1  [["id", 1]]
Completed 404 Not Found in 2ms (ActiveRecord: 0.3ms)

ActiveRecord::RecordNotFound (Couldn't find Student with 'id'=1):
  app/controllers/students_controller.rb:7:in `show'


  Rendered /Users/MikeMyung/.rvm/gems/ruby-2.5.0/gems/actionpack-4.2.10/lib/action_dispatch/middleware/templates/rescues/_source.erb (3.5ms)
  Rendered /Users/MikeMyung/.rvm/gems/ruby-2.5.0/gems/actionpack-4.2.10/lib/action_dispatch/middleware/templates/rescues/_trace.html.erb (3.0ms)
  Rendered /Users/MikeMyung/.rvm/gems/ruby-2.5.0/gems/actionpack-4.2.10/lib/action_dispatch/middleware/templates/rescues/_request_and_response.html.erb (2.3ms)
  Rendered /Users/MikeMyung/.rvm/gems/ruby-2.5.0/gems/actionpack-4.2.10/lib/action_dispatch/middleware/templates/rescues/diagnostics.html.erb within rescues/layout (119.4ms)
  [1m[36mStudent Load (2.0ms)[0m  [1mSELECT "students".* FROM "students"[0m
  [1m[36mActiveRecord::SchemaMigration Load (0.1ms)[0m  [1mSELECT "schema_migrations".* FROM "schema_migrations"[0m
  [1m[36mActiveRecord::SchemaMigration Load (0.3ms)[0m  [1mSELECT "schema_migrations".* FROM "schema_migrations"[0m


Started GET "/students/1" for ::1 at 2018-04-27 15:23:51 -0400
Processing by StudentsController#show as HTML
  Parameters: {"id"=>"1"}
  [1m[36mStudent Load (0.2ms)[0m  [1mSELECT  "students".* FROM "students" WHERE "students"."id" = ? LIMIT 1[0m  [["id", 1]]
Completed 404 Not Found in 2ms (ActiveRecord: 0.2ms)

ActiveRecord::RecordNotFound (Couldn't find Student with 'id'=1):
  app/controllers/students_controller.rb:7:in `show'


  Rendered /Users/MikeMyung/.rvm/gems/ruby-2.5.0/gems/actionpack-4.2.10/lib/action_dispatch/middleware/templates/rescues/_source.erb (4.9ms)
  Rendered /Users/MikeMyung/.rvm/gems/ruby-2.5.0/gems/actionpack-4.2.10/lib/action_dispatch/middleware/templates/rescues/_trace.html.erb (2.2ms)
  Rendered /Users/MikeMyung/.rvm/gems/ruby-2.5.0/gems/actionpack-4.2.10/lib/action_dispatch/middleware/templates/rescues/_request_and_response.html.erb (1.0ms)
  Rendered /Users/MikeMyung/.rvm/gems/ruby-2.5.0/gems/actionpack-4.2.10/lib/action_dispatch/middleware/templates/rescues/diagnostics.html.erb within rescues/layout (116.3ms)


Started GET "/students" for ::1 at 2018-04-27 15:23:56 -0400
Processing by StudentsController#index as HTML
  [1m[35mStudent Load (0.3ms)[0m  SELECT "students".* FROM "students"
  Rendered students/index.html.erb within layouts/application (1.4ms)
Completed 200 OK in 31ms (Views: 29.8ms | ActiveRecord: 0.3ms)


Started GET "/students" for ::1 at 2018-04-27 15:24:11 -0400
  [1m[36mActiveRecord::SchemaMigration Load (0.7ms)[0m  [1mSELECT "schema_migrations".* FROM "schema_migrations"[0m
Processing by StudentsController#index as HTML
  [1m[35mStudent Load (1.1ms)[0m  SELECT "students".* FROM "students"
  Rendered students/index.html.erb within layouts/application (7.5ms)
Completed 200 OK in 347ms (Views: 324.8ms | ActiveRecord: 1.4ms)
  [1m[36mStudent Load (3.3ms)[0m  [1mSELECT "students".* FROM "students"[0m
  [1m[36mActiveRecord::SchemaMigration Load (0.6ms)[0m  [1mSELECT "schema_migrations".* FROM "schema_migrations"[0m
  [1m[35m (0.1ms)[0m  begin transaction
  [1m[36mSQL (1.5ms)[0m  [1mINSERT INTO "students" ("first_name", "last_name", "created_at", "updated_at") VALUES (?, ?, ?, ?)[0m  [["first_name", "Bob"], ["last_name", "Billy"], ["created_at", "2018-04-27 19:25:30.606620"], ["updated_at", "2018-04-27 19:25:30.606620"]]
  [1m[35m (1.4ms)[0m  commit transaction
  [1m[36m (0.1ms)[0m  [1mbegin transaction[0m
  [1m[35mSQL (0.4ms)[0m  INSERT INTO "students" ("first_name", "last_name", "created_at", "updated_at") VALUES (?, ?, ?, ?)  [["first_name", "Joe"], ["last_name", "Jilly"], ["created_at", "2018-04-27 19:25:30.611824"], ["updated_at", "2018-04-27 19:25:30.611824"]]
  [1m[36m (1.1ms)[0m  [1mcommit transaction[0m
  [1m[35m (0.1ms)[0m  begin transaction
  [1m[36mSQL (0.6ms)[0m  [1mINSERT INTO "students" ("first_name", "last_name", "created_at", "updated_at") VALUES (?, ?, ?, ?)[0m  [["first_name", "Due"], ["last_name", "Dilly"], ["created_at", "2018-04-27 19:25:30.615492"], ["updated_at", "2018-04-27 19:25:30.615492"]]
  [1m[35m (1.3ms)[0m  commit transaction
  [1m[36m (0.1ms)[0m  [1mbegin transaction[0m
  [1m[35mSQL (0.5ms)[0m  INSERT INTO "students" ("first_name", "last_name", "created_at", "updated_at") VALUES (?, ?, ?, ?)  [["first_name", "Pew"], ["last_name", "Pilly"], ["created_at", "2018-04-27 19:25:30.619520"], ["updated_at", "2018-04-27 19:25:30.619520"]]
  [1m[36m (0.9ms)[0m  [1mcommit transaction[0m


Started GET "/students" for ::1 at 2018-04-27 15:25:32 -0400
Processing by StudentsController#index as HTML
  [1m[36mStudent Load (1.2ms)[0m  [1mSELECT "students".* FROM "students"[0m
  Rendered students/index.html.erb within layouts/application (30.7ms)
Completed 200 OK in 127ms (Views: 106.3ms | ActiveRecord: 1.7ms)


Started GET "/students/1" for ::1 at 2018-04-27 15:25:37 -0400
Processing by StudentsController#show as HTML
  Parameters: {"id"=>"1"}
  [1m[35mStudent Load (0.5ms)[0m  SELECT  "students".* FROM "students" WHERE "students"."id" = ? LIMIT 1  [["id", 1]]
  Rendered students/show.html.erb within layouts/application (1.6ms)
Completed 200 OK in 54ms (Views: 37.7ms | ActiveRecord: 0.5ms)


Started GET "/students/2" for ::1 at 2018-04-27 15:25:40 -0400
Processing by StudentsController#show as HTML
  Parameters: {"id"=>"2"}
  [1m[36mStudent Load (0.2ms)[0m  [1mSELECT  "students".* FROM "students" WHERE "students"."id" = ? LIMIT 1[0m  [["id", 2]]
  Rendered students/show.html.erb within layouts/application (0.2ms)
Completed 200 OK in 43ms (Views: 40.5ms | ActiveRecord: 0.2ms)


Started GET "/students/2" for ::1 at 2018-04-27 15:26:03 -0400
Processing by StudentsController#show as HTML
  Parameters: {"id"=>"2"}
  [1m[35mStudent Load (0.3ms)[0m  SELECT  "students".* FROM "students" WHERE "students"."id" = ? LIMIT 1  [["id", 2]]
  Rendered students/show.html.erb within layouts/application (0.3ms)
Completed 200 OK in 51ms (Views: 40.9ms | ActiveRecord: 0.7ms)


Started GET "/students" for ::1 at 2018-04-27 15:26:08 -0400
Processing by StudentsController#index as HTML
  [1m[36mStudent Load (0.2ms)[0m  [1mSELECT "students".* FROM "students"[0m
  Rendered students/index.html.erb within layouts/application (1.1ms)
Completed 200 OK in 31ms (Views: 30.3ms | ActiveRecord: 0.2ms)


Started GET "/students/2" for ::1 at 2018-04-27 15:26:11 -0400
Processing by StudentsController#show as HTML
  Parameters: {"id"=>"2"}
  [1m[35mStudent Load (0.2ms)[0m  SELECT  "students".* FROM "students" WHERE "students"."id" = ? LIMIT 1  [["id", 2]]
  Rendered students/show.html.erb within layouts/application (0.1ms)
Completed 200 OK in 41ms (Views: 38.6ms | ActiveRecord: 0.2ms)


Started GET "/students" for ::1 at 2018-04-27 15:26:29 -0400
  [1m[36mActiveRecord::SchemaMigration Load (0.2ms)[0m  [1mSELECT "schema_migrations".* FROM "schema_migrations"[0m
Processing by StudentsController#index as HTML
  [1m[35mStudent Load (0.2ms)[0m  SELECT "students".* FROM "students"
  Rendered students/index.html.erb within layouts/application (9.0ms)
Completed 200 OK in 461ms (Views: 428.0ms | ActiveRecord: 0.5ms)


Started GET "/students/1" for ::1 at 2018-04-27 15:26:33 -0400
Processing by StudentsController#show as HTML
  Parameters: {"id"=>"1"}
  [1m[36mStudent Load (0.4ms)[0m  [1mSELECT  "students".* FROM "students" WHERE "students"."id" = ? LIMIT 1[0m  [["id", 1]]
  Rendered students/show.html.erb within layouts/application (0.6ms)
Completed 200 OK in 41ms (Views: 30.3ms | ActiveRecord: 0.4ms)


Started GET "/students/2" for ::1 at 2018-04-27 15:26:35 -0400
Processing by StudentsController#show as HTML
  Parameters: {"id"=>"2"}
  [1m[35mStudent Load (0.2ms)[0m  SELECT  "students".* FROM "students" WHERE "students"."id" = ? LIMIT 1  [["id", 2]]
  Rendered students/show.html.erb within layouts/application (0.1ms)
Completed 200 OK in 38ms (Views: 36.8ms | ActiveRecord: 0.2ms)


Started GET "/students/3" for ::1 at 2018-04-27 15:26:38 -0400
Processing by StudentsController#show as HTML
  Parameters: {"id"=>"3"}
  [1m[36mStudent Load (0.2ms)[0m  [1mSELECT  "students".* FROM "students" WHERE "students"."id" = ? LIMIT 1[0m  [["id", 3]]
  Rendered students/show.html.erb within layouts/application (0.1ms)
Completed 200 OK in 54ms (Views: 52.6ms | ActiveRecord: 0.2ms)
